---------------------------------------
Begin Slurm Prolog: Dec-06-2024 16:44:35
Job ID:    1025114
User ID:   oupadhyay3
Account:   coc
Job name:  numerosity
Partition: coe-gpu
---------------------------------------
using device:  cuda
Running numerosity experiment...
  0%|          | 0/13 [00:00<?, ?it/s]Using cache found in /home/hice1/oupadhyay3/.cache/torch/hub/pytorch_vision_v0.10.0
  8%|▊         | 1/13 [04:06<49:18, 246.51s/it]Using cache found in /home/hice1/oupadhyay3/.cache/torch/hub/pytorch_vision_v0.10.0
 15%|█▌        | 2/13 [08:14<45:22, 247.53s/it]Using cache found in /home/hice1/oupadhyay3/.cache/torch/hub/pytorch_vision_v0.10.0
 23%|██▎       | 3/13 [12:20<41:06, 246.67s/it]Using cache found in /home/hice1/oupadhyay3/.cache/torch/hub/pytorch_vision_v0.10.0
 31%|███       | 4/13 [16:28<37:04, 247.15s/it]Using cache found in /home/hice1/oupadhyay3/.cache/torch/hub/pytorch_vision_v0.10.0
 38%|███▊      | 5/13 [20:35<32:57, 247.23s/it]Using cache found in /home/hice1/oupadhyay3/.cache/torch/hub/pytorch_vision_v0.10.0
 46%|████▌     | 6/13 [24:52<29:14, 250.64s/it]Using cache found in /home/hice1/oupadhyay3/.cache/torch/hub/pytorch_vision_v0.10.0
 54%|█████▍    | 7/13 [29:01<24:59, 249.93s/it]Using cache found in /home/hice1/oupadhyay3/.cache/torch/hub/pytorch_vision_v0.10.0
 62%|██████▏   | 8/13 [33:13<20:53, 250.64s/it]Using cache found in /home/hice1/oupadhyay3/.cache/torch/hub/pytorch_vision_v0.10.0
 69%|██████▉   | 9/13 [37:22<16:39, 249.99s/it]Using cache found in /home/hice1/oupadhyay3/.cache/torch/hub/pytorch_vision_v0.10.0
 77%|███████▋  | 10/13 [41:29<12:27, 249.20s/it]Using cache found in /home/hice1/oupadhyay3/.cache/torch/hub/pytorch_vision_v0.10.0
 85%|████████▍ | 11/13 [45:36<08:16, 248.44s/it]Using cache found in /home/hice1/oupadhyay3/.cache/torch/hub/pytorch_vision_v0.10.0
 92%|█████████▏| 12/13 [49:46<04:08, 248.86s/it]Using cache found in /home/hice1/oupadhyay3/.cache/torch/hub/pytorch_vision_v0.10.0
100%|██████████| 13/13 [53:56<00:00, 249.42s/it]100%|██████████| 13/13 [53:56<00:00, 248.98s/it]
.................... finished epoch  3
.................... finished epoch  6
.................... finished epoch  9
.................... finished epoch  12
.................... finished epoch  15
.................... finished epoch  18
.................... finished epoch  21
.................... finished epoch  24
.................... finished epoch  27
.................... finished epoch  30
.................... finished epoch  33
.................... finished epoch  36
.................... finished epoch  39
Saving results to a file...
{3: [(1, 2, 0.9539975), (1, 3, 0.9448894), (1, 4, 0.9256794), (1, 5, 0.9209485), (2, 1, 0.95008767), (2, 3, 0.9799533), (2, 4, 0.94104993), (2, 5, 0.9473465), (3, 1, 0.94589394), (3, 2, 0.9700487), (3, 4, 0.9807798), (3, 5, 0.97961366), (4, 1, 0.91947556), (4, 2, 0.9442773), (4, 3, 0.9794655), (4, 5, 0.9872996), (5, 1, 0.9210202), (5, 2, 0.9520502), (5, 3, 0.97916096), (5, 4, 0.98965013)], 6: [(1, 2, 0.8260516), (1, 3, 0.78283536), (1, 4, 0.7887713), (1, 5, 0.7338189), (2, 1, 0.8007965), (2, 3, 0.73767674), (2, 4, 0.7785964), (2, 5, 0.7157762), (3, 1, 0.77062905), (3, 2, 0.8346323), (3, 4, 0.81064636), (3, 5, 0.8302857), (4, 1, 0.71224177), (4, 2, 0.7348668), (4, 3, 0.82882404), (4, 5, 0.7570499), (5, 1, 0.63904023), (5, 2, 0.6784465), (5, 3, 0.8585377), (5, 4, 0.8443567)], 9: [(1, 2, 0.82043666), (1, 3, 0.809034), (1, 4, 0.7711873), (1, 5, 0.7345966), (2, 1, 0.8531351), (2, 3, 0.8578124), (2, 4, 0.78477824), (2, 5, 0.79840684), (3, 1, 0.7656529), (3, 2, 0.8520355), (3, 4, 0.86368334), (3, 5, 0.84408236), (4, 1, 0.7974271), (4, 2, 0.7791405), (4, 3, 0.8644703), (4, 5, 0.8455125), (5, 1, 0.6924252), (5, 2, 0.75470626), (5, 3, 0.8660218), (5, 4, 0.8520794)], 12: [(1, 2, 0.8536887), (1, 3, 0.80826414), (1, 4, 0.76428807), (1, 5, 0.7554914), (2, 1, 0.8461896), (2, 3, 0.8602788), (2, 4, 0.85256803), (2, 5, 0.78989613), (3, 1, 0.7839823), (3, 2, 0.79775333), (3, 4, 0.90047467), (3, 5, 0.87613136), (4, 1, 0.74386835), (4, 2, 0.8044292), (4, 3, 0.8856357), (4, 5, 0.87611675), (5, 1, 0.72792965), (5, 2, 0.78818434), (5, 3, 0.88438094), (5, 4, 0.8564886)], 15: [(1, 2, 0.8209899), (1, 3, 0.82937413), (1, 4, 0.8185703), (1, 5, 0.84784), (2, 1, 0.83510506), (2, 3, 0.898806), (2, 4, 0.85783637), (2, 5, 0.8151733), (3, 1, 0.8435357), (3, 2, 0.875577), (3, 4, 0.8832184), (3, 5, 0.9142561), (4, 1, 0.81413156), (4, 2, 0.84520113), (4, 3, 0.91417444), (4, 5, 0.88933545), (5, 1, 0.84764403), (5, 2, 0.83869725), (5, 3, 0.9203059), (5, 4, 0.93214875)], 18: [(1, 2, 0.79216), (1, 3, 0.7469052), (1, 4, 0.7804), (1, 5, 0.77945316), (2, 1, 0.7576546), (2, 3, 0.8619264), (2, 4, 0.82887906), (2, 5, 0.84334743), (3, 1, 0.7786858), (3, 2, 0.8209462), (3, 4, 0.8456596), (3, 5, 0.8758379), (4, 1, 0.7071039), (4, 2, 0.85947895), (4, 3, 0.8857781), (4, 5, 0.9007742), (5, 1, 0.75199604), (5, 2, 0.7862243), (5, 3, 0.84358805), (5, 4, 0.88514173)], 21: [(1, 2, 0.84748113), (1, 3, 0.85312927), (1, 4, 0.8442497), (1, 5, 0.80972135), (2, 1, 0.86636466), (2, 3, 0.88645047), (2, 4, 0.85050154), (2, 5, 0.86277026), (3, 1, 0.8686525), (3, 2, 0.9095352), (3, 4, 0.8928056), (3, 5, 0.91080076), (4, 1, 0.83353055), (4, 2, 0.8670772), (4, 3, 0.9142213), (4, 5, 0.8946252), (5, 1, 0.84024066), (5, 2, 0.84787655), (5, 3, 0.90076333), (5, 4, 0.91371477)], 24: [(1, 2, 0.85063237), (1, 3, 0.7973698), (1, 4, 0.806897), (1, 5, 0.7993523), (2, 1, 0.7948961), (2, 3, 0.87720025), (2, 4, 0.83436984), (2, 5, 0.8430284), (3, 1, 0.84080124), (3, 2, 0.89452696), (3, 4, 0.91839635), (3, 5, 0.8983566), (4, 1, 0.79239184), (4, 2, 0.84846365), (4, 3, 0.9089821), (4, 5, 0.8940833), (5, 1, 0.80360377), (5, 2, 0.86128855), (5, 3, 0.9102292), (5, 4, 0.8958702)], 27: [(1, 2, 0.81757843), (1, 3, 0.8357431), (1, 4, 0.81911343), (1, 5, 0.75720567), (2, 1, 0.83137333), (2, 3, 0.86082107), (2, 4, 0.88406783), (2, 5, 0.80149126), (3, 1, 0.8282746), (3, 2, 0.8822625), (3, 4, 0.86366034), (3, 5, 0.86216813), (4, 1, 0.77807504), (4, 2, 0.8266942), (4, 3, 0.86683095), (4, 5, 0.89148676), (5, 1, 0.77664363), (5, 2, 0.8251194), (5, 3, 0.87594444), (5, 4, 0.87929344)], 30: [(1, 2, 0.722455), (1, 3, 0.7975333), (1, 4, 0.70013416), (1, 5, 0.6692757), (2, 1, 0.6663306), (2, 3, 0.7262409), (2, 4, 0.7184076), (2, 5, 0.6904097), (3, 1, 0.72705567), (3, 2, 0.77796435), (3, 4, 0.8142147), (3, 5, 0.8488833), (4, 1, 0.73063475), (4, 2, 0.7810814), (4, 3, 0.8070388), (4, 5, 0.8106065), (5, 1, 0.68222994), (5, 2, 0.65943277), (5, 3, 0.8314559), (5, 4, 0.7960441)], 33: [(1, 2, 0.8592657), (1, 3, 0.8102131), (1, 4, 0.81700724), (1, 5, 0.7859305), (2, 1, 0.8106257), (2, 3, 0.8400653), (2, 4, 0.83774585), (2, 5, 0.83290976), (3, 1, 0.82504046), (3, 2, 0.8595891), (3, 4, 0.8869945), (3, 5, 0.86856043), (4, 1, 0.8348495), (4, 2, 0.8407842), (4, 3, 0.86334074), (4, 5, 0.8834472), (5, 1, 0.82892704), (5, 2, 0.8300532), (5, 3, 0.87260914), (5, 4, 0.8968795)], 36: [(1, 2, 0.7491465), (1, 3, 0.731557), (1, 4, 0.77240044), (1, 5, 0.73587584), (2, 1, 0.7090451), (2, 3, 0.8265527), (2, 4, 0.7331105), (2, 5, 0.7391055), (3, 1, 0.7562194), (3, 2, 0.7502987), (3, 4, 0.88921815), (3, 5, 0.8504173), (4, 1, 0.7341997), (4, 2, 0.78602254), (4, 3, 0.87416124), (4, 5, 0.83890474), (5, 1, 0.7426846), (5, 2, 0.7207183), (5, 3, 0.83608663), (5, 4, 0.86181974)], 39: [(1, 2, 0.7503571), (1, 3, 0.79169244), (1, 4, 0.806732), (1, 5, 0.7512275), (2, 1, 0.7722478), (2, 3, 0.87000763), (2, 4, 0.84905034), (2, 5, 0.8575182), (3, 1, 0.78773296), (3, 2, 0.88661927), (3, 4, 0.91819155), (3, 5, 0.8834728), (4, 1, 0.77846277), (4, 2, 0.8445244), (4, 3, 0.90235835), (4, 5, 0.92130756), (5, 1, 0.78166926), (5, 2, 0.8364469), (5, 3, 0.8957437), (5, 4, 0.88271856)]}
---------------------------------------
Begin Slurm Epilog: Dec-06-2024 17:39:01
Job ID:        1025114
Array Job ID:  _4294967294
User ID:       oupadhyay3
Account:       coc
Job name:      numerosity
Resources:     cpu=1,gres/gpu:h100=1,mem=4G,node=1
Rsrc Used:     cput=00:54:26,vmem=0,walltime=00:54:26,mem=4162640K,energy_used=0
Partition:     coe-gpu
Nodes:         atl1-1-03-010-25-0
---------------------------------------
